2024-10-31 15:53:35 DEBUG [AWT-EventQueue-0] e.e.service.UserServiceImpl - Realizando login con usuario user1
2024-10-31 15:53:36 DEBUG [AWT-EventQueue-0] e.e.service.UserServiceImpl - Intentando login por email...
2024-10-31 15:53:36 DEBUG [AWT-EventQueue-0] e.e.service.UserServiceImpl - Intentando login por username...
2024-10-31 15:53:36 DEBUG [AWT-EventQueue-0] e.e.service.UserServiceImpl - Password incorrecta
2024-10-31 15:54:42 DEBUG [AWT-EventQueue-0] e.e.service.UserServiceImpl - Realizando login con usuario user1@example.com
2024-10-31 15:54:42 DEBUG [AWT-EventQueue-0] e.e.service.UserServiceImpl - Intentando login por email...
2024-10-31 15:54:42 DEBUG [AWT-EventQueue-0] e.e.service.UserServiceImpl - Password incorrecta
2024-10-31 15:59:01 DEBUG [AWT-EventQueue-0] e.e.service.UserServiceImpl - Realizando login con usuario 
2024-10-31 15:59:01 DEBUG [AWT-EventQueue-0] e.e.service.UserServiceImpl - Intentando login por email...
2024-10-31 15:59:01 DEBUG [AWT-EventQueue-0] e.e.service.UserServiceImpl - Intentando login por username...
2024-10-31 15:59:01 DEBUG [AWT-EventQueue-0] e.e.service.UserServiceImpl - No existe usuario (email o username)
2024-10-31 16:21:55 DEBUG [AWT-EventQueue-0] e.e.service.UserServiceImpl - Creando nuevo usuario: User(id=null, username=bock, email=bockeron@prueba.com, password=[C@7f5b42db, createdDate=null, lastLoginDate=null)
2024-10-31 16:21:55 DEBUG [AWT-EventQueue-0] e.e.service.UserServiceImpl - Usuario creado con éxito con id 20
2024-10-31 16:22:11 DEBUG [AWT-EventQueue-0] e.e.service.UserServiceImpl - Realizando login con usuario bock
2024-10-31 16:22:11 DEBUG [AWT-EventQueue-0] e.e.service.UserServiceImpl - Intentando login por email...
2024-10-31 16:22:11 DEBUG [AWT-EventQueue-0] e.e.service.UserServiceImpl - Intentando login por username...
2024-10-31 16:22:11 DEBUG [AWT-EventQueue-0] e.e.service.UserServiceImpl - Password incorrecta
2024-10-31 16:23:19 DEBUG [AWT-EventQueue-0] e.e.service.UserServiceImpl - Creando nuevo usuario: User(id=null, username=bock, email=bockeron@prueba.com, password=[C@788cf015, createdDate=null, lastLoginDate=null)
2024-10-31 16:23:19 DEBUG [AWT-EventQueue-0] e.e.service.UserServiceImpl - Usuario con email repetido
2024-10-31 16:28:47 DEBUG [AWT-EventQueue-0] e.e.service.UserServiceImpl - Realizando login con usuario bock
2024-10-31 16:28:47 DEBUG [AWT-EventQueue-0] e.e.service.UserServiceImpl - Intentando login por email...
2024-10-31 16:28:47 DEBUG [AWT-EventQueue-0] e.e.service.UserServiceImpl - Intentando login por username...
2024-10-31 16:28:47 DEBUG [AWT-EventQueue-0] e.e.service.UserServiceImpl - Password incorrecta
2024-10-31 16:29:13 DEBUG [AWT-EventQueue-0] e.e.service.UserServiceImpl - Realizando login con usuario user1
2024-10-31 16:29:13 DEBUG [AWT-EventQueue-0] e.e.service.UserServiceImpl - Intentando login por email...
2024-10-31 16:29:13 DEBUG [AWT-EventQueue-0] e.e.service.UserServiceImpl - Intentando login por username...
2024-10-31 16:29:13 DEBUG [AWT-EventQueue-0] e.e.service.UserServiceImpl - Password incorrecta
2024-10-31 16:32:23 DEBUG [AWT-EventQueue-0] e.e.service.UserServiceImpl - Realizando login con usuario user1
2024-10-31 16:32:23 DEBUG [AWT-EventQueue-0] e.e.service.UserServiceImpl - Intentando login por email...
2024-10-31 16:32:23 DEBUG [AWT-EventQueue-0] e.e.service.UserServiceImpl - Intentando login por username...
2024-10-31 16:32:23 DEBUG [AWT-EventQueue-0] e.e.service.UserServiceImpl - Password incorrecta
2024-10-31 16:35:45 DEBUG [AWT-EventQueue-0] e.e.service.UserServiceImpl - Realizando login con usuario user1
2024-10-31 16:35:45 DEBUG [AWT-EventQueue-0] e.e.service.UserServiceImpl - Intentando login por email...
2024-10-31 16:35:45 DEBUG [AWT-EventQueue-0] e.e.service.UserServiceImpl - Intentando login por username...
2024-10-31 16:35:45 DEBUG [AWT-EventQueue-0] e.e.service.UserServiceImpl - Password incorrecta
2024-10-31 17:07:29 DEBUG [AWT-EventQueue-0] e.e.service.UserServiceImpl - Realizando login con usuario user1
2024-10-31 17:07:29 DEBUG [AWT-EventQueue-0] e.e.service.UserServiceImpl - Intentando login por email...
2024-10-31 17:07:29 DEBUG [AWT-EventQueue-0] e.e.service.UserServiceImpl - Intentando login por username...
2024-10-31 17:07:29 DEBUG [AWT-EventQueue-0] e.e.service.UserServiceImpl - Password incorrecta
2024-10-31 17:18:18 DEBUG [AWT-EventQueue-0] e.e.service.UserServiceImpl - Realizando login con usuario user1
2024-10-31 17:18:18 DEBUG [AWT-EventQueue-0] e.e.service.UserServiceImpl - Intentando login por email...
2024-10-31 17:18:18 DEBUG [AWT-EventQueue-0] e.e.service.UserServiceImpl - Intentando login por username...
2024-10-31 17:18:18 DEBUG [AWT-EventQueue-0] e.e.service.UserServiceImpl - Password incorrecta
2024-10-31 17:18:46 DEBUG [AWT-EventQueue-0] e.e.service.UserServiceImpl - Realizando login con usuario bock
2024-10-31 17:18:46 DEBUG [AWT-EventQueue-0] e.e.service.UserServiceImpl - Intentando login por email...
2024-10-31 17:18:46 DEBUG [AWT-EventQueue-0] e.e.service.UserServiceImpl - Intentando login por username...
2024-10-31 17:18:46 DEBUG [AWT-EventQueue-0] e.e.service.UserServiceImpl - Password incorrecta
2024-10-31 17:21:41 DEBUG [AWT-EventQueue-0] e.e.service.UserServiceImpl - Realizando login con usuario user1
2024-10-31 17:21:41 DEBUG [AWT-EventQueue-0] e.e.service.UserServiceImpl - Intentando login por email...
2024-10-31 17:21:41 DEBUG [AWT-EventQueue-0] e.e.service.UserServiceImpl - Intentando login por username...
2024-10-31 17:21:41 DEBUG [AWT-EventQueue-0] e.e.service.UserServiceImpl - Password incorrecta
2024-10-31 17:21:57 DEBUG [AWT-EventQueue-0] e.e.service.UserServiceImpl - Realizando login con usuario bock
2024-10-31 17:21:57 DEBUG [AWT-EventQueue-0] e.e.service.UserServiceImpl - Intentando login por email...
2024-10-31 17:21:57 DEBUG [AWT-EventQueue-0] e.e.service.UserServiceImpl - Intentando login por username...
2024-10-31 17:21:57 DEBUG [AWT-EventQueue-0] e.e.service.UserServiceImpl - Password incorrecta
2024-10-31 17:23:27 DEBUG [AWT-EventQueue-0] e.e.service.UserServiceImpl - Realizando login con usuario user1
2024-10-31 17:23:27 DEBUG [AWT-EventQueue-0] e.e.service.UserServiceImpl - Intentando login por email...
2024-10-31 17:23:27 DEBUG [AWT-EventQueue-0] e.e.service.UserServiceImpl - Intentando login por username...
2024-10-31 17:23:27 DEBUG [AWT-EventQueue-0] e.e.service.UserServiceImpl - Actualizando fecha de último login
2024-10-31 17:23:27 DEBUG [AWT-EventQueue-0] e.e.service.UserServiceImpl - Login correcto
2024-10-31 17:40:56 DEBUG [AWT-EventQueue-0] e.e.service.UserServiceImpl - Realizando login con usuario bock
2024-10-31 17:40:56 DEBUG [AWT-EventQueue-0] e.e.service.UserServiceImpl - Intentando login por email...
2024-10-31 17:40:56 DEBUG [AWT-EventQueue-0] e.e.service.UserServiceImpl - Intentando login por username...
2024-10-31 17:40:56 DEBUG [AWT-EventQueue-0] e.e.service.UserServiceImpl - Password incorrecta
2024-10-31 17:41:04 DEBUG [AWT-EventQueue-0] e.e.service.UserServiceImpl - Realizando login con usuario bock
2024-10-31 17:41:04 DEBUG [AWT-EventQueue-0] e.e.service.UserServiceImpl - Intentando login por email...
2024-10-31 17:41:04 DEBUG [AWT-EventQueue-0] e.e.service.UserServiceImpl - Intentando login por username...
2024-10-31 17:41:04 DEBUG [AWT-EventQueue-0] e.e.service.UserServiceImpl - Password incorrecta
2024-10-31 17:43:08 DEBUG [AWT-EventQueue-0] e.e.service.UserServiceImpl - Realizando login con usuario user1
2024-10-31 17:43:09 DEBUG [AWT-EventQueue-0] e.e.service.UserServiceImpl - Intentando login por email...
2024-10-31 17:43:09 DEBUG [AWT-EventQueue-0] e.e.service.UserServiceImpl - Intentando login por username...
2024-10-31 17:43:09 DEBUG [AWT-EventQueue-0] e.e.service.UserServiceImpl - Actualizando fecha de último login
2024-10-31 17:43:09 DEBUG [AWT-EventQueue-0] e.e.service.UserServiceImpl - Login correcto
2024-10-31 17:45:36 DEBUG [AWT-EventQueue-0] e.e.service.UserServiceImpl - Realizando login con usuario user1
2024-10-31 17:45:36 DEBUG [AWT-EventQueue-0] e.e.service.UserServiceImpl - Intentando login por email...
2024-10-31 17:45:36 DEBUG [AWT-EventQueue-0] e.e.service.UserServiceImpl - Intentando login por username...
2024-10-31 17:45:36 DEBUG [AWT-EventQueue-0] e.e.service.UserServiceImpl - Actualizando fecha de último login
2024-10-31 17:45:36 DEBUG [AWT-EventQueue-0] e.e.service.UserServiceImpl - Login correcto
2024-10-31 17:49:07 DEBUG [AWT-EventQueue-0] e.e.service.UserServiceImpl - Realizando login con usuario user1
2024-10-31 17:49:07 DEBUG [AWT-EventQueue-0] e.e.service.UserServiceImpl - Intentando login por email...
2024-10-31 17:49:07 DEBUG [AWT-EventQueue-0] e.e.service.UserServiceImpl - Intentando login por username...
2024-10-31 17:49:07 DEBUG [AWT-EventQueue-0] e.e.service.UserServiceImpl - Actualizando fecha de último login
2024-10-31 17:49:07 DEBUG [AWT-EventQueue-0] e.e.service.UserServiceImpl - Login correcto
